0 info it worked if it ends with ok
1 verbose cli [ '/home/vagrant/.nvm/versions/node/v6.9.5/bin/node',
1 verbose cli   '/home/vagrant/.nvm/versions/node/v6.9.5/bin/npm',
1 verbose cli   'publish' ]
2 info using npm@3.10.10
3 info using node@v6.9.5
4 verbose publish [ '.' ]
5 silly cache add args [ '.', null ]
6 verbose cache add spec .
7 silly cache add parsed spec Result {
7 silly cache add   raw: '.',
7 silly cache add   scope: null,
7 silly cache add   escapedName: null,
7 silly cache add   name: null,
7 silly cache add   rawSpec: '.',
7 silly cache add   spec: '/vagrant/first',
7 silly cache add   type: 'directory' }
8 verbose addLocalDirectory /home/vagrant/.npm/chun/0.1.4/package.tgz not in flight; packing
9 verbose correctMkdir /home/vagrant/.npm correctMkdir not in flight; initializing
10 info lifecycle chun@0.1.4~prepublish: chun@0.1.4
11 silly lifecycle chun@0.1.4~prepublish: no script for prepublish, continuing
12 verbose tar pack [ '/home/vagrant/.npm/chun/0.1.4/package.tgz',
12 verbose tar pack   '/vagrant/first' ]
13 verbose tarball /home/vagrant/.npm/chun/0.1.4/package.tgz
14 verbose folder /vagrant/first
15 verbose addLocalTarball adding from inside cache /home/vagrant/.npm/chun/0.1.4/package.tgz
16 verbose correctMkdir /home/vagrant/.npm correctMkdir not in flight; initializing
17 silly cache afterAdd chun@0.1.4
18 verbose afterAdd /home/vagrant/.npm/chun/0.1.4/package/package.json not in flight; writing
19 verbose correctMkdir /home/vagrant/.npm correctMkdir not in flight; initializing
20 verbose afterAdd /home/vagrant/.npm/chun/0.1.4/package/package.json written
21 silly publish { name: 'chun',
21 silly publish   version: '0.1.4',
21 silly publish   description: 'Hello, everyone',
21 silly publish   main: 'index.js',
21 silly publish   scripts: { test: 'echo "Error: no test specified" && exit 1' },
21 silly publish   repository:
21 silly publish    { type: 'git',
21 silly publish      url: 'git+https://github.com/cyang258/npm-test.git' },
21 silly publish   author: { name: 'Chun Yang' },
21 silly publish   license: 'ISC',
21 silly publish   bugs: { url: 'https://github.com/cyang258/npm-test/issues' },
21 silly publish   homepage: 'https://github.com/cyang258/npm-test#readme',
21 silly publish   readme: 'Hello, everyone',
21 silly publish   readmeFilename: 'README.md',
21 silly publish   gitHead: 'b9417b926cdf391fe58fb0ab0a622d5bd053779c',
21 silly publish   _id: 'chun@0.1.4',
21 silly publish   _shasum: '99d2b982080b5b1f504864cca8426d3f99069214',
21 silly publish   _from: '.' }
22 verbose getPublishConfig undefined
23 silly mapToRegistry name chun
24 silly mapToRegistry using default registry
25 silly mapToRegistry registry https://registry.npmjs.org/
26 silly mapToRegistry data Result {
26 silly mapToRegistry   raw: 'chun',
26 silly mapToRegistry   scope: null,
26 silly mapToRegistry   escapedName: 'chun',
26 silly mapToRegistry   name: 'chun',
26 silly mapToRegistry   rawSpec: '',
26 silly mapToRegistry   spec: 'latest',
26 silly mapToRegistry   type: 'tag' }
27 silly mapToRegistry uri https://registry.npmjs.org/chun
28 verbose publish registryBase https://registry.npmjs.org/
29 silly publish uploading /home/vagrant/.npm/chun/0.1.4/package.tgz
30 verbose request uri https://registry.npmjs.org/chun
31 verbose request sending authorization for write operation
32 info attempt registry request try #1 at 3:35:25 PM
33 verbose request using bearer token for auth
34 verbose request id 0620325d1636377f
35 http request PUT https://registry.npmjs.org/chun
36 http 403 https://registry.npmjs.org/chun
37 verbose headers { 'content-type': 'application/json',
37 verbose headers   'cache-control': 'max-age=300',
37 verbose headers   'content-length': '91',
37 verbose headers   'accept-ranges': 'bytes',
37 verbose headers   date: 'Thu, 01 Feb 2018 15:35:26 GMT',
37 verbose headers   via: '1.1 varnish',
37 verbose headers   connection: 'keep-alive',
37 verbose headers   'x-served-by': 'cache-jfk8138-JFK',
37 verbose headers   'x-cache': 'MISS',
37 verbose headers   'x-cache-hits': '0',
37 verbose headers   'x-timer': 'S1517499326.692916,VS0,VE877',
37 verbose headers   vary: 'Accept-Encoding, Accept' }
38 verbose request invalidating /home/vagrant/.npm/registry.npmjs.org/chun on PUT
39 error publish Failed PUT 403
40 verbose stack Error: You cannot publish over the previously published version 0.1.4. : chun
40 verbose stack     at makeError (/home/vagrant/.nvm/versions/node/v6.9.5/lib/node_modules/npm/node_modules/npm-registry-client/lib/request.js:302:12)
40 verbose stack     at CachingRegistryClient.<anonymous> (/home/vagrant/.nvm/versions/node/v6.9.5/lib/node_modules/npm/node_modules/npm-registry-client/lib/request.js:290:14)
40 verbose stack     at Request._callback (/home/vagrant/.nvm/versions/node/v6.9.5/lib/node_modules/npm/node_modules/npm-registry-client/lib/request.js:210:14)
40 verbose stack     at Request.self.callback (/home/vagrant/.nvm/versions/node/v6.9.5/lib/node_modules/npm/node_modules/request/request.js:187:22)
40 verbose stack     at emitTwo (events.js:106:13)
40 verbose stack     at Request.emit (events.js:191:7)
40 verbose stack     at Request.<anonymous> (/home/vagrant/.nvm/versions/node/v6.9.5/lib/node_modules/npm/node_modules/request/request.js:1048:10)
40 verbose stack     at emitOne (events.js:96:13)
40 verbose stack     at Request.emit (events.js:188:7)
40 verbose stack     at IncomingMessage.<anonymous> (/home/vagrant/.nvm/versions/node/v6.9.5/lib/node_modules/npm/node_modules/request/request.js:969:12)
41 verbose statusCode 403
42 verbose pkgid chun
43 verbose cwd /vagrant/first
44 error Linux 4.4.0-21-generic
45 error argv "/home/vagrant/.nvm/versions/node/v6.9.5/bin/node" "/home/vagrant/.nvm/versions/node/v6.9.5/bin/npm" "publish"
46 error node v6.9.5
47 error npm  v3.10.10
48 error code E403
49 error You cannot publish over the previously published version 0.1.4. : chun
50 error If you need help, you may report this error at:
50 error     <https://github.com/npm/npm/issues>
51 verbose exit [ 1, true ]
